
============================================================
🔍 SEO REVIEW & SELF-IMPROVEMENT — 2026-04-08 22:00
============================================================

📄 Auditing articles...
  Articles found: 21
  Issues found: 34

🏥 Checking pipeline health...
  pipeline_ran_today: True
  scraped_data_exists: True
  mc_has_affiliate_tasks: True
  articles_count: 21
  affiliate_task_count: 14

🔧 Creating remediation tasks...
  ✅ Task: [Affiliate] Fix: Replace highlowmyst0e-20 with real Amazon tag
  ✅ Task: [Affiliate] Expand thin articles (4 need work)
  ✅ Task: [Affiliate] Add FAQ sections to 9 articles

📊 **Affiliate SEO Review — 2026-04-08**

Status: 🟡 NEEDS ATTENTION
Articles live: 21
Issues found: 34
Tasks created: 3
Pipeline ran today: Yes ✅

Top issues:
  • about.md: thin content (316 words — needs 1500+)
  • about.md: missing FAQ section (needed for featured snippets)
  • disclaimer.md: thin content (222 words — needs 1500+)
  • disclaimer.md: missing FAQ section (needed for featured snippets)
  • contact.md: thin content (173 words — needs 1500+)
